<?xml version="1.0" encoding="UTF-8"?>
<!-- Generated by org.testng.reporters.JUnitReportReporter -->
<testsuite hostname="DESKTOP-LBD5C48" failures="0" tests="1" name="com.pc360.ttw.tests.LaunchApp_Test" time="0.113" errors="0" timestamp="2023-03-14T15:50:35 IST" skipped="0">
  <testcase classname="com.pc360.ttw.tests.LaunchApp_Test" name="launchApp" time="0.113"/>
  <system-out/>
</testsuite> <!-- com.pc360.ttw.tests.LaunchApp_Test -->
