<?xml version="1.0" encoding="UTF-8"?>
<!-- Generated by org.testng.reporters.JUnitReportReporter -->
<testsuite skipped="0" hostname="DESKTOP-LBD5C48" name="com.pc360.ttw.tests.Blogs_Test" tests="1" failures="0" timestamp="2023-03-06T17:01:00 IST" time="70.483" errors="0">
  <testcase name="blogs" time="70.483" classname="com.pc360.ttw.tests.Blogs_Test"/>
  <system-out/>
</testsuite> <!-- com.pc360.ttw.tests.Blogs_Test -->
