<?xml version="1.0" encoding="UTF-8"?>
<!-- Generated by org.testng.reporters.JUnitReportReporter -->
<testsuite skipped="0" hostname="DESKTOP-LBD5C48" name="com.pc360.ttw.tests.ExpertsConsultation_Test" tests="1" failures="0" timestamp="2023-03-09T17:04:15 IST" time="59.881" errors="0">
  <testcase name="expertsConsultation" time="59.881" classname="com.pc360.ttw.tests.ExpertsConsultation_Test"/>
  <system-out/>
</testsuite> <!-- com.pc360.ttw.tests.ExpertsConsultation_Test -->
