<?xml version="1.0" encoding="UTF-8"?>
<!-- Generated by org.testng.reporters.JUnitReportReporter -->
<testsuite hostname="DESKTOP-LBD5C48" failures="0" tests="1" name="com.pc360.ttw.utility.SendMailWithAttachment" time="6.091" errors="0" timestamp="2023-03-14T10:18:49 IST" skipped="0">
  <testcase classname="com.pc360.ttw.utility.SendMailWithAttachment" name="sendEmailToUser" time="6.091"/>
  <system-out/>
</testsuite> <!-- com.pc360.ttw.utility.SendMailWithAttachment -->
