<?xml version="1.0" encoding="UTF-8"?>
<!-- Generated by org.testng.reporters.JUnitReportReporter -->
<testsuite hostname="DESKTOP-LBD5C48" failures="0" tests="1" name="com.pc360.ttw.tests.Contact_Us_Test" time="31.834" errors="0" timestamp="2023-03-01T13:03:21 IST" skipped="0">
  <testcase classname="com.pc360.ttw.tests.Contact_Us_Test" name="contactUs" time="31.834"/>
  <system-out/>
</testsuite> <!-- com.pc360.ttw.tests.Contact_Us_Test -->
