<?xml version="1.0" encoding="UTF-8"?>
<!-- Generated by org.testng.reporters.JUnitReportReporter -->
<testsuite skipped="0" hostname="DESKTOP-LBD5C48" name="com.pc360.ttw.tests.EXPC_TEST$ExpertsConsultation_test" tests="1" failures="0" timestamp="2023-03-09T12:46:13 IST" time="61.875" errors="0">
  <testcase name="ExpertsConsultation" time="61.875" classname="com.pc360.ttw.tests.EXPC_TEST$ExpertsConsultation_test"/>
  <system-out/>
</testsuite> <!-- com.pc360.ttw.tests.EXPC_TEST$ExpertsConsultation_test -->
