<?xml version="1.0" encoding="UTF-8"?>
<!-- Generated by org.testng.reporters.JUnitReportReporter -->
<testsuite hostname="DESKTOP-LBD5C48" failures="0" tests="1" name="com.pc360.ttw.tests.Home_Test" time="85.384" errors="0" timestamp="2023-03-13T17:35:25 IST" skipped="0">
  <testcase classname="com.pc360.ttw.tests.Home_Test" name="homePage" time="85.384"/>
  <system-out/>
</testsuite> <!-- com.pc360.ttw.tests.Home_Test -->
