<?xml version="1.0" encoding="UTF-8"?>
<!-- Generated by org.testng.reporters.JUnitReportReporter -->
<testsuite hostname="DESKTOP-LBD5C48" failures="0" tests="1" name="com.pc360.ttw.tests.CollegeTennisRecruitment_Test" time="203.237" errors="0" timestamp="2023-03-13T15:05:31 IST" skipped="0">
  <testcase classname="com.pc360.ttw.tests.CollegeTennisRecruitment_Test" name="collegeTennisRecruitment" time="203.237"/>
  <system-out/>
</testsuite> <!-- com.pc360.ttw.tests.CollegeTennisRecruitment_Test -->
