<?xml version="1.0" encoding="UTF-8"?>
<!-- Generated by org.testng.reporters.JUnitReportReporter -->
<testsuite skipped="0" hostname="DESKTOP-LBD5C48" name="com.pc360.ttw.tests.ContactUs_Test" tests="1" failures="0" timestamp="2023-03-08T16:45:58 IST" time="33.703" errors="0">
  <testcase name="contactUs" time="33.703" classname="com.pc360.ttw.tests.ContactUs_Test"/>
  <system-out/>
</testsuite> <!-- com.pc360.ttw.tests.ContactUs_Test -->
