<?xml version="1.0" encoding="UTF-8"?>
<!-- Generated by org.testng.reporters.JUnitReportReporter -->
<testsuite skipped="0" hostname="DESKTOP-LBD5C48" name="com.pc360.ttw.tests.AboutUs_Test" tests="1" failures="0" timestamp="2023-03-06T17:01:00 IST" time="11.491" errors="0">
  <testcase name="aboutUs" time="11.491" classname="com.pc360.ttw.tests.AboutUs_Test"/>
  <system-out/>
</testsuite> <!-- com.pc360.ttw.tests.AboutUs_Test -->
